# JRE version: OpenJDK Runtime Environment (16.0.1+9) (build 16.0.1+9-24)
# Java VM: OpenJDK 64-Bit Server VM (16.0.1+9-24, mixed mode, tiered, compressed oops, compressed class ptrs, g1 gc, bsd-amd64)
GC Precious Log:
 CPUs: 12 total, 12 available
 Memory: 16384M
 Large Page Support: Disabled
 NUMA Support: Disabled
 Compressed Oops: Enabled (Zero based)
 Heap Region Size: 2M
 Heap Min Capacity: 8M
 Heap Initial Capacity: 256M
 Heap Max Capacity: 4G
 Pre-touch: Disabled
 Parallel Workers: 10
 Concurrent Workers: 3
 Concurrent Refinement Workers: 10
 Periodic GC: Disabled
Heap:
 garbage-first heap   total 290816K, used 245714K [0x0000000700000000, 0x0000000800000000)
  region size 2048K, 82 young (167936K), 7 survivors (14336K)
 Metaspace       used 20602K, committed 20800K, reserved 1073152K
  class space    used 1961K, committed 2048K, reserved 1048576K
GC Heap History (13 events):
Event: 0.689 GC heap before
{Heap before GC invocations=0 (full 0):
 garbage-first heap   total 262144K, used 32768K [0x0000000700000000, 0x0000000800000000)
  region size 2048K, 11 young (22528K), 0 survivors (0K)
 Metaspace       used 10951K, committed 11072K, reserved 1064960K
  class space    used 983K, committed 1024K, reserved 1048576K
}
Event: 0.692 GC heap after
{Heap after GC invocations=1 (full 0):
 garbage-first heap   total 262144K, used 16382K [0x0000000700000000, 0x0000000800000000)
  region size 2048K, 2 young (4096K), 2 survivors (4096K)
 Metaspace       used 10951K, committed 11072K, reserved 1064960K
  class space    used 983K, committed 1024K, reserved 1048576K
}
Event: 0.977 GC heap before
{Heap before GC invocations=1 (full 0):
 garbage-first heap   total 262144K, used 73726K [0x0000000700000000, 0x0000000800000000)
  region size 2048K, 17 young (34816K), 2 survivors (4096K)
 Metaspace       used 13469K, committed 13696K, reserved 1064960K
  class space    used 1275K, committed 1408K, reserved 1048576K
}
Event: 0.981 GC heap after
{Heap after GC invocations=2 (full 0):
 garbage-first heap   total 262144K, used 48336K [0x0000000700000000, 0x0000000800000000)
  region size 2048K, 2 young (4096K), 2 survivors (4096K)
 Metaspace       used 13469K, committed 13696K, reserved 1064960K
  class space    used 1275K, committed 1408K, reserved 1048576K
}
Event: 2.271 GC heap before
{Heap before GC invocations=2 (full 0):
 garbage-first heap   total 262144K, used 134352K [0x0000000700000000, 0x0000000800000000)
  region size 2048K, 25 young (51200K), 2 survivors (4096K)
 Metaspace       used 16269K, committed 16448K, reserved 1064960K
  class space    used 1582K, committed 1664K, reserved 1048576K
}
Event: 2.273 GC heap after
{Heap after GC invocations=3 (full 0):
 garbage-first heap   total 262144K, used 90063K [0x0000000700000000, 0x0000000800000000)
  region size 2048K, 2 young (4096K), 2 survivors (4096K)
 Metaspace       used 16269K, committed 16448K, reserved 1064960K
  class space    used 1582K, committed 1664K, reserved 1048576K
}
Event: 2.454 GC heap before
{Heap before GC invocations=3 (full 0):
 garbage-first heap   total 262144K, used 133071K [0x0000000700000000, 0x0000000800000000)
  region size 2048K, 4 young (8192K), 2 survivors (4096K)
 Metaspace       used 17090K, committed 17344K, reserved 1064960K
  class space    used 1691K, committed 1792K, reserved 1048576K
}
Event: 2.455 GC heap after
{Heap after GC invocations=4 (full 0):
 garbage-first heap   total 262144K, used 130791K [0x0000000700000000, 0x0000000800000000)
  region size 2048K, 2 young (4096K), 2 survivors (4096K)
 Metaspace       used 17090K, committed 17344K, reserved 1064960K
  class space    used 1691K, committed 1792K, reserved 1048576K
}
Event: 19.133 GC heap before
{Heap before GC invocations=5 (full 0):
 garbage-first heap   total 290816K, used 243431K [0x0000000700000000, 0x0000000800000000)
  region size 2048K, 37 young (75776K), 2 survivors (4096K)
 Metaspace       used 19944K, committed 20224K, reserved 1073152K
  class space    used 1933K, committed 2048K, reserved 1048576K
}
Event: 19.135 GC heap after
{Heap after GC invocations=6 (full 0):
 garbage-first heap   total 290816K, used 131631K [0x0000000700000000, 0x0000000800000000)
  region size 2048K, 3 young (6144K), 3 survivors (6144K)
 Metaspace       used 19944K, committed 20224K, reserved 1073152K
  class space    used 1933K, committed 2048K, reserved 1048576K
}
Event: 27.423 GC heap before
{Heap before GC invocations=6 (full 0):
 garbage-first heap   total 290816K, used 240175K [0x0000000700000000, 0x0000000800000000)
  region size 2048K, 56 young (114688K), 3 survivors (6144K)
 Metaspace       used 20379K, committed 20608K, reserved 1073152K
  class space    used 1940K, committed 2048K, reserved 1048576K
}
Event: 27.426 GC heap after
{Heap after GC invocations=7 (full 0):
 garbage-first heap   total 290816K, used 94160K [0x0000000700000000, 0x0000000800000000)
  region size 2048K, 4 young (8192K), 4 survivors (8192K)
 Metaspace       used 20379K, committed 20608K, reserved 1073152K
  class space    used 1940K, committed 2048K, reserved 1048576K
}
Event: 40.001 GC heap before
{Heap before GC invocations=7 (full 0):
 garbage-first heap   total 290816K, used 245712K [0x0000000700000000, 0x0000000800000000)
  region size 2048K, 79 young (161792K), 4 survivors (8192K)
 Metaspace       used 20602K, committed 20800K, reserved 1073152K
  class space    used 1961K, committed 2048K, reserved 1048576K
}

